[debug] [2026-07-23T14:42:26.333Z] ----------------------------------------------------------------------
[debug] [2026-07-23T14:42:26.336Z] Command:       C:\Users\u194700\AppData\Local\nodejs\node-v24.18.0-win-x64\node.exe C:\Users\u194700\AppData\Local\nodejs\node-v24.18.0-win-x64\node_modules\firebase-tools\lib\bin\firebase.js deploy --only functions
[debug] [2026-07-23T14:42:26.336Z] CLI Version:   15.24.0
[debug] [2026-07-23T14:42:26.336Z] Platform:      win32
[debug] [2026-07-23T14:42:26.336Z] Node Version:  v24.18.0
[debug] [2026-07-23T14:42:26.336Z] Detected Agent: unknown
[debug] [2026-07-23T14:42:26.337Z] Time:          Thu Jul 23 2026 11:42:26 GMT-0300 (hora estándar de Argentina)
[debug] [2026-07-23T14:42:26.337Z] ----------------------------------------------------------------------
[debug] 
[debug] [2026-07-23T14:42:27.715Z] > command requires scopes: ["email","openid","https://www.googleapis.com/auth/cloudplatformprojects.readonly","https://www.googleapis.com/auth/firebase","https://www.googleapis.com/auth/cloud-platform"]
[debug] [2026-07-23T14:42:27.715Z] > authorizing via signed-in user (gustavokimmel@gmail.com)
[debug] [2026-07-23T14:42:27.716Z] [iam] checking project print3d-manager-73846 for permissions ["cloudfunctions.functions.create","cloudfunctions.functions.delete","cloudfunctions.functions.get","cloudfunctions.functions.list","cloudfunctions.functions.update","cloudfunctions.operations.get","firebase.projects.get"]
[debug] [2026-07-23T14:42:27.731Z] Checked if tokens are valid: true, expires at: 1784821091278
[debug] [2026-07-23T14:42:27.731Z] Checked if tokens are valid: true, expires at: 1784821091278
[debug] [2026-07-23T14:42:27.732Z] >>> [apiv2][query] POST https://cloudresourcemanager.googleapis.com/v1/projects/print3d-manager-73846:testIamPermissions [none]
[debug] [2026-07-23T14:42:27.733Z] >>> [apiv2][(partial)header] POST https://cloudresourcemanager.googleapis.com/v1/projects/print3d-manager-73846:testIamPermissions  x-goog-user-project=print3d-manager-73846
[debug] [2026-07-23T14:42:27.733Z] >>> [apiv2][body] POST https://cloudresourcemanager.googleapis.com/v1/projects/print3d-manager-73846:testIamPermissions {"permissions":["cloudfunctions.functions.create","cloudfunctions.functions.delete","cloudfunctions.functions.get","cloudfunctions.functions.list","cloudfunctions.functions.update","cloudfunctions.operations.get","firebase.projects.get"]}
[debug] [2026-07-23T14:42:28.727Z] <<< [apiv2][status] POST https://cloudresourcemanager.googleapis.com/v1/projects/print3d-manager-73846:testIamPermissions 200
[debug] [2026-07-23T14:42:28.727Z] <<< [apiv2][body] POST https://cloudresourcemanager.googleapis.com/v1/projects/print3d-manager-73846:testIamPermissions {"permissions":["cloudfunctions.functions.create","cloudfunctions.functions.delete","cloudfunctions.functions.get","cloudfunctions.functions.list","cloudfunctions.functions.update","cloudfunctions.operations.get","firebase.projects.get"]}
[debug] [2026-07-23T14:42:28.727Z] Checked if tokens are valid: true, expires at: 1784821091278
[debug] [2026-07-23T14:42:28.728Z] Checked if tokens are valid: true, expires at: 1784821091278
[debug] [2026-07-23T14:42:28.728Z] >>> [apiv2][query] POST https://iam.googleapis.com/v1/projects/print3d-manager-73846/serviceAccounts/print3d-manager-73846@appspot.gserviceaccount.com:testIamPermissions [none]
[debug] [2026-07-23T14:42:28.728Z] >>> [apiv2][body] POST https://iam.googleapis.com/v1/projects/print3d-manager-73846/serviceAccounts/print3d-manager-73846@appspot.gserviceaccount.com:testIamPermissions {"permissions":["iam.serviceAccounts.actAs"]}
[debug] [2026-07-23T14:42:29.617Z] <<< [apiv2][status] POST https://iam.googleapis.com/v1/projects/print3d-manager-73846/serviceAccounts/print3d-manager-73846@appspot.gserviceaccount.com:testIamPermissions 404
[debug] [2026-07-23T14:42:29.617Z] <<< [apiv2][body] POST https://iam.googleapis.com/v1/projects/print3d-manager-73846/serviceAccounts/print3d-manager-73846@appspot.gserviceaccount.com:testIamPermissions {"error":{"code":404,"message":"Unknown service account","status":"NOT_FOUND"}}
[debug] [2026-07-23T14:42:29.617Z] [functions] service account IAM check errored, deploy may fail: Request to https://iam.googleapis.com/v1/projects/print3d-manager-73846/serviceAccounts/print3d-manager-73846@appspot.gserviceaccount.com:testIamPermissions had HTTP Error: 404, Unknown service account {"name":"FirebaseError","children":[],"context":{"body":{"error":{"code":404,"message":"Unknown service account","status":"NOT_FOUND"}},"response":{"statusCode":404}},"exit":1,"message":"Request to https://iam.googleapis.com/v1/projects/print3d-manager-73846/serviceAccounts/print3d-manager-73846@appspot.gserviceaccount.com:testIamPermissions had HTTP Error: 404, Unknown service account","status":404}
[info] 
[info] === Deploying to 'print3d-manager-73846'...
[info] 
[info] i  deploying functions 
[debug] [2026-07-23T14:42:29.622Z] Checked if tokens are valid: true, expires at: 1784821091278
[debug] [2026-07-23T14:42:29.623Z] Checked if tokens are valid: true, expires at: 1784821091278
[debug] [2026-07-23T14:42:29.623Z] >>> [apiv2][query] GET https://serviceusage.googleapis.com/v1/projects/print3d-manager-73846/services/cloudresourcemanager.googleapis.com [none]
[debug] [2026-07-23T14:42:29.623Z] >>> [apiv2][(partial)header] GET https://serviceusage.googleapis.com/v1/projects/print3d-manager-73846/services/cloudresourcemanager.googleapis.com  x-goog-user-project=print3d-manager-73846
[debug] [2026-07-23T14:42:31.757Z] <<< [apiv2][status] GET https://serviceusage.googleapis.com/v1/projects/print3d-manager-73846/services/cloudresourcemanager.googleapis.com 200
[debug] [2026-07-23T14:42:31.758Z] <<< [apiv2][body] GET https://serviceusage.googleapis.com/v1/projects/print3d-manager-73846/services/cloudresourcemanager.googleapis.com [omitted]
[debug] [2026-07-23T14:42:31.790Z] Checked if tokens are valid: true, expires at: 1784821091278
[debug] [2026-07-23T14:42:31.791Z] Checked if tokens are valid: true, expires at: 1784821091278
[debug] [2026-07-23T14:42:31.791Z] >>> [apiv2][query] GET https://cloudresourcemanager.googleapis.com/v1/projects/print3d-manager-73846 [none]
[debug] [2026-07-23T14:42:32.014Z] <<< [apiv2][status] GET https://cloudresourcemanager.googleapis.com/v1/projects/print3d-manager-73846 200
[debug] [2026-07-23T14:42:32.014Z] <<< [apiv2][body] GET https://cloudresourcemanager.googleapis.com/v1/projects/print3d-manager-73846 {"projectNumber":"534221073184","projectId":"print3d-manager-73846","lifecycleState":"ACTIVE","name":"Print3D Manager","labels":{"firebase":"enabled","firebase-core":"disabled"},"createTime":"2026-06-01T14:52:53.458Z"}
[info] i  functions: preparing codebase default for deployment 
[info] i  functions: ensuring required API cloudfunctions.googleapis.com is enabled... 
[debug] [2026-07-23T14:42:32.017Z] Checked if tokens are valid: true, expires at: 1784821091278
[debug] [2026-07-23T14:42:32.017Z] Checked if tokens are valid: true, expires at: 1784821091278
[debug] [2026-07-23T14:42:32.018Z] Checked if tokens are valid: true, expires at: 1784821091278
[debug] [2026-07-23T14:42:32.018Z] Checked if tokens are valid: true, expires at: 1784821091278
[info] i  functions: ensuring required API cloudbuild.googleapis.com is enabled... 
[debug] [2026-07-23T14:42:32.019Z] Checked if tokens are valid: true, expires at: 1784821091278
[debug] [2026-07-23T14:42:32.019Z] Checked if tokens are valid: true, expires at: 1784821091278
[info] i  artifactregistry: ensuring required API artifactregistry.googleapis.com is enabled... 
[debug] [2026-07-23T14:42:32.020Z] Checked if tokens are valid: true, expires at: 1784821091278
[debug] [2026-07-23T14:42:32.020Z] Checked if tokens are valid: true, expires at: 1784821091278
[debug] [2026-07-23T14:42:32.020Z] >>> [apiv2][query] GET https://serviceusage.googleapis.com/v1/projects/print3d-manager-73846/services/cloudfunctions.googleapis.com [none]
[debug] [2026-07-23T14:42:32.020Z] >>> [apiv2][(partial)header] GET https://serviceusage.googleapis.com/v1/projects/print3d-manager-73846/services/cloudfunctions.googleapis.com  x-goog-user-project=print3d-manager-73846
[debug] [2026-07-23T14:42:32.021Z] >>> [apiv2][query] GET https://serviceusage.googleapis.com/v1/projects/print3d-manager-73846/services/runtimeconfig.googleapis.com [none]
[debug] [2026-07-23T14:42:32.021Z] >>> [apiv2][(partial)header] GET https://serviceusage.googleapis.com/v1/projects/print3d-manager-73846/services/runtimeconfig.googleapis.com  x-goog-user-project=print3d-manager-73846
[debug] [2026-07-23T14:42:32.024Z] >>> [apiv2][query] GET https://serviceusage.googleapis.com/v1/projects/print3d-manager-73846/services/cloudbuild.googleapis.com [none]
[debug] [2026-07-23T14:42:32.024Z] >>> [apiv2][(partial)header] GET https://serviceusage.googleapis.com/v1/projects/print3d-manager-73846/services/cloudbuild.googleapis.com  x-goog-user-project=print3d-manager-73846
[debug] [2026-07-23T14:42:32.027Z] >>> [apiv2][query] GET https://serviceusage.googleapis.com/v1/projects/print3d-manager-73846/services/artifactregistry.googleapis.com [none]
[debug] [2026-07-23T14:42:32.027Z] >>> [apiv2][(partial)header] GET https://serviceusage.googleapis.com/v1/projects/print3d-manager-73846/services/artifactregistry.googleapis.com  x-goog-user-project=print3d-manager-73846
[debug] [2026-07-23T14:42:33.011Z] <<< [apiv2][status] GET https://serviceusage.googleapis.com/v1/projects/print3d-manager-73846/services/cloudfunctions.googleapis.com 200
[debug] [2026-07-23T14:42:33.011Z] <<< [apiv2][body] GET https://serviceusage.googleapis.com/v1/projects/print3d-manager-73846/services/cloudfunctions.googleapis.com [omitted]
[warn] !  functions: missing required API cloudfunctions.googleapis.com. Enabling now... 
[debug] [2026-07-23T14:42:33.013Z] Checked if tokens are valid: true, expires at: 1784821091278
[debug] [2026-07-23T14:42:33.013Z] Checked if tokens are valid: true, expires at: 1784821091278
[debug] [2026-07-23T14:42:33.013Z] >>> [apiv2][query] POST https://serviceusage.googleapis.com/v1/projects/print3d-manager-73846/services/cloudfunctions.googleapis.com:enable [none]
[debug] [2026-07-23T14:42:33.013Z] >>> [apiv2][(partial)header] POST https://serviceusage.googleapis.com/v1/projects/print3d-manager-73846/services/cloudfunctions.googleapis.com:enable  x-goog-user-project=print3d-manager-73846
[debug] [2026-07-23T14:42:33.040Z] <<< [apiv2][status] GET https://serviceusage.googleapis.com/v1/projects/print3d-manager-73846/services/runtimeconfig.googleapis.com 200
[debug] [2026-07-23T14:42:33.041Z] <<< [apiv2][body] GET https://serviceusage.googleapis.com/v1/projects/print3d-manager-73846/services/runtimeconfig.googleapis.com [omitted]
[debug] [2026-07-23T14:42:33.063Z] <<< [apiv2][status] GET https://serviceusage.googleapis.com/v1/projects/print3d-manager-73846/services/cloudbuild.googleapis.com 200
[debug] [2026-07-23T14:42:33.063Z] <<< [apiv2][body] GET https://serviceusage.googleapis.com/v1/projects/print3d-manager-73846/services/cloudbuild.googleapis.com [omitted]
[warn] !  functions: missing required API cloudbuild.googleapis.com. Enabling now... 
[debug] [2026-07-23T14:42:33.063Z] Checked if tokens are valid: true, expires at: 1784821091278
[debug] [2026-07-23T14:42:33.063Z] Checked if tokens are valid: true, expires at: 1784821091278
[debug] [2026-07-23T14:42:33.064Z] >>> [apiv2][query] POST https://serviceusage.googleapis.com/v1/projects/print3d-manager-73846/services/cloudbuild.googleapis.com:enable [none]
[debug] [2026-07-23T14:42:33.064Z] >>> [apiv2][(partial)header] POST https://serviceusage.googleapis.com/v1/projects/print3d-manager-73846/services/cloudbuild.googleapis.com:enable  x-goog-user-project=print3d-manager-73846
[debug] [2026-07-23T14:42:33.067Z] <<< [apiv2][status] GET https://serviceusage.googleapis.com/v1/projects/print3d-manager-73846/services/artifactregistry.googleapis.com 200
[debug] [2026-07-23T14:42:33.067Z] <<< [apiv2][body] GET https://serviceusage.googleapis.com/v1/projects/print3d-manager-73846/services/artifactregistry.googleapis.com [omitted]
[warn] !  artifactregistry: missing required API artifactregistry.googleapis.com. Enabling now... 
[debug] [2026-07-23T14:42:33.067Z] Checked if tokens are valid: true, expires at: 1784821091278
[debug] [2026-07-23T14:42:33.068Z] Checked if tokens are valid: true, expires at: 1784821091278
[debug] [2026-07-23T14:42:33.068Z] >>> [apiv2][query] POST https://serviceusage.googleapis.com/v1/projects/print3d-manager-73846/services/artifactregistry.googleapis.com:enable [none]
[debug] [2026-07-23T14:42:33.068Z] >>> [apiv2][(partial)header] POST https://serviceusage.googleapis.com/v1/projects/print3d-manager-73846/services/artifactregistry.googleapis.com:enable  x-goog-user-project=print3d-manager-73846
[debug] [2026-07-23T14:42:33.895Z] <<< [apiv2][status] POST https://serviceusage.googleapis.com/v1/projects/print3d-manager-73846/services/cloudfunctions.googleapis.com:enable 200
[debug] [2026-07-23T14:42:33.895Z] <<< [apiv2][body] POST https://serviceusage.googleapis.com/v1/projects/print3d-manager-73846/services/cloudfunctions.googleapis.com:enable [omitted]
[debug] [2026-07-23T14:42:34.438Z] <<< [apiv2][status] POST https://serviceusage.googleapis.com/v1/projects/print3d-manager-73846/services/artifactregistry.googleapis.com:enable 200
[debug] [2026-07-23T14:42:34.439Z] <<< [apiv2][body] POST https://serviceusage.googleapis.com/v1/projects/print3d-manager-73846/services/artifactregistry.googleapis.com:enable [omitted]
[debug] [2026-07-23T14:42:34.504Z] <<< [apiv2][status] POST https://serviceusage.googleapis.com/v1/projects/print3d-manager-73846/services/cloudbuild.googleapis.com:enable 200
[debug] [2026-07-23T14:42:34.504Z] <<< [apiv2][body] POST https://serviceusage.googleapis.com/v1/projects/print3d-manager-73846/services/cloudbuild.googleapis.com:enable [omitted]
[debug] [2026-07-23T14:42:44.526Z] Checked if tokens are valid: true, expires at: 1784821091278
[debug] [2026-07-23T14:42:44.526Z] Checked if tokens are valid: true, expires at: 1784821091278
[debug] [2026-07-23T14:42:44.526Z] >>> [apiv2][query] GET https://firebase.googleapis.com/v1beta1/projects/print3d-manager-73846/adminSdkConfig [none]
[debug] [2026-07-23T14:42:45.027Z] <<< [apiv2][status] GET https://firebase.googleapis.com/v1beta1/projects/print3d-manager-73846/adminSdkConfig 200
[debug] [2026-07-23T14:42:45.027Z] <<< [apiv2][body] GET https://firebase.googleapis.com/v1beta1/projects/print3d-manager-73846/adminSdkConfig {"projectId":"print3d-manager-73846","storageBucket":"print3d-manager-73846.firebasestorage.app"}
[debug] [2026-07-23T14:42:45.028Z] Checked if tokens are valid: true, expires at: 1784821091278
[debug] [2026-07-23T14:42:45.028Z] Checked if tokens are valid: true, expires at: 1784821091278
[debug] [2026-07-23T14:42:45.028Z] >>> [apiv2][query] GET https://runtimeconfig.googleapis.com/v1beta1/projects/print3d-manager-73846/configs [none]
[debug] [2026-07-23T14:42:45.493Z] <<< [apiv2][status] GET https://runtimeconfig.googleapis.com/v1beta1/projects/print3d-manager-73846/configs 200
[debug] [2026-07-23T14:42:45.493Z] <<< [apiv2][body] GET https://runtimeconfig.googleapis.com/v1beta1/projects/print3d-manager-73846/configs {}
[debug] [2026-07-23T14:42:45.496Z] Validating nodejs source
[warn] !  functions: Runtime Node.js 20 was deprecated on 2026-04-30 and will be decommissioned on 2026-10-30, after which you will not be able to deploy without upgrading. Consider upgrading now to avoid disruption. See https://cloud.google.com/functions/docs/runtime-support for full details on the lifecycle policy 
[warn] !  functions: package.json indicates an outdated version of firebase-functions. Please upgrade using npm install --save firebase-functions@latest in your functions directory. 
[warn] !  functions: Please note that there will be breaking changes when you upgrade. 
[debug] [2026-07-23T14:42:48.126Z] > [functions] package.json contents: {
  "name": "manager3d-functions",
  "description": "Cloud Functions de Manager 3D: motor de suscripciones (contadores de uso, transición de estados trial/activa/lectura/suspendida, panel admin, webhook de Mercado Pago).",
  "engines": {
    "node": "20"
  },
  "main": "index.js",
  "scripts": {
    "serve": "firebase emulators:start --only functions",
    "shell": "firebase functions:shell",
    "deploy": "firebase deploy --only functions",
    "logs": "firebase functions:log"
  },
  "dependencies": {
    "firebase-admin": "^12.6.0",
    "firebase-functions": "^5.1.1"
  },
  "private": true
}
[debug] [2026-07-23T14:42:48.126Z] Building nodejs source
[info] i  functions: Loading and analyzing source code for codebase default to determine what to deploy 
[debug] [2026-07-23T14:42:48.127Z] Could not find functions.yaml. Must use http discovery
[debug] [2026-07-23T14:42:48.135Z] Found firebase-functions binary at 'C:\Users\u194700\Documents\Impresiones 3D\1-Todo3d_cba\Pagina\functions\node_modules\.bin\firebase-functions'
[info] Serving at port 8087

[debug] [2026-07-23T14:42:49.361Z] Got response from /__/functions.yaml {"endpoints":{"onNuevoUsuario":{"platform":"gcfv1","availableMemoryMb":null,"timeoutSeconds":null,"minInstances":null,"maxInstances":null,"ingressSettings":null,"serviceAccountEmail":null,"vpc":null,"eventTrigger":{"eventType":"providers/firebase.auth/eventTypes/user.create","eventFilters":{"resource":"projects/print3d-manager-73846"},"retry":false},"labels":{},"entryPoint":"onNuevoUsuario"},"onPedidoCreado":{"availableMemoryMb":null,"timeoutSeconds":null,"minInstances":null,"maxInstances":null,"ingressSettings":null,"concurrency":null,"serviceAccountEmail":null,"vpc":null,"platform":"gcfv2","labels":{},"eventTrigger":{"eventType":"google.cloud.firestore.document.v1.created","eventFilters":{"database":"(default)","namespace":"(default)"},"eventFilterPathPatterns":{"document":"users/{uid}/pedidos/{pedidoId}"},"retry":false},"entryPoint":"onPedidoCreado"},"registrarAperturaCatalogo":{"availableMemoryMb":null,"timeoutSeconds":null,"minInstances":null,"maxInstances":null,"ingressSettings":null,"concurrency":null,"serviceAccountEmail":null,"vpc":null,"platform":"gcfv2","labels":{},"callableTrigger":{},"entryPoint":"registrarAperturaCatalogo"},"cambiarEstadoSuscripcion":{"availableMemoryMb":null,"timeoutSeconds":null,"minInstances":null,"maxInstances":null,"ingressSettings":null,"concurrency":null,"serviceAccountEmail":null,"vpc":null,"platform":"gcfv2","labels":{},"callableTrigger":{},"entryPoint":"cambiarEstadoSuscripcion"},"webhookMercadoPago":{"availableMemoryMb":null,"timeoutSeconds":null,"minInstances":null,"maxInstances":null,"ingressSettings":null,"concurrency":null,"serviceAccountEmail":null,"vpc":null,"platform":"gcfv2","labels":{},"httpsTrigger":{},"entryPoint":"webhookMercadoPago"},"transicionSuscripciones":{"availableMemoryMb":null,"timeoutSeconds":null,"minInstances":null,"maxInstances":null,"ingressSettings":null,"concurrency":null,"serviceAccountEmail":null,"vpc":null,"platform":"gcfv2","labels":{},"scheduleTrigger":{"schedule":"every day 03:00","retryConfig":{"retryCount":null,"maxDoublings":null,"maxRetrySeconds":null,"minBackoffSeconds":null,"maxBackoffSeconds":null},"timeZone":null},"entryPoint":"transicionSuscripciones"}},"specVersion":"v1alpha1","requiredAPIs":[{"api":"cloudscheduler.googleapis.com","reason":"Needed for scheduled functions."}],"extensions":{}}
[debug] [2026-07-23T14:42:52.437Z] Checked if tokens are valid: true, expires at: 1784821091278
[debug] [2026-07-23T14:42:52.437Z] Checked if tokens are valid: true, expires at: 1784821091278
[debug] [2026-07-23T14:42:52.437Z] >>> [apiv2][query] GET https://cloudfunctions.googleapis.com/v1/projects/print3d-manager-73846/locations/-/functions [none]
[debug] [2026-07-23T14:42:53.496Z] <<< [apiv2][status] GET https://cloudfunctions.googleapis.com/v1/projects/print3d-manager-73846/locations/-/functions 200
[debug] [2026-07-23T14:42:53.496Z] <<< [apiv2][body] GET https://cloudfunctions.googleapis.com/v1/projects/print3d-manager-73846/locations/-/functions {}
[debug] [2026-07-23T14:42:53.497Z] Checked if tokens are valid: true, expires at: 1784821091278
[debug] [2026-07-23T14:42:53.497Z] Checked if tokens are valid: true, expires at: 1784821091278
[debug] [2026-07-23T14:42:53.498Z] >>> [apiv2][query] GET https://cloudfunctions.googleapis.com/v2/projects/print3d-manager-73846/locations/-/functions filter=environment%3D%22GEN_2%22
[debug] [2026-07-23T14:42:54.873Z] <<< [apiv2][status] GET https://cloudfunctions.googleapis.com/v2/projects/print3d-manager-73846/locations/-/functions 200
[debug] [2026-07-23T14:42:54.873Z] <<< [apiv2][body] GET https://cloudfunctions.googleapis.com/v2/projects/print3d-manager-73846/locations/-/functions {}
[info] i  extensions: ensuring required API firebaseextensions.googleapis.com is enabled... 
[debug] [2026-07-23T14:42:54.875Z] Checked if tokens are valid: true, expires at: 1784821091278
[debug] [2026-07-23T14:42:54.876Z] Checked if tokens are valid: true, expires at: 1784821091278
[debug] [2026-07-23T14:42:54.876Z] >>> [apiv2][query] GET https://serviceusage.googleapis.com/v1/projects/print3d-manager-73846/services/firebaseextensions.googleapis.com [none]
[debug] [2026-07-23T14:42:54.876Z] >>> [apiv2][(partial)header] GET https://serviceusage.googleapis.com/v1/projects/print3d-manager-73846/services/firebaseextensions.googleapis.com  x-goog-user-project=print3d-manager-73846
[debug] [2026-07-23T14:42:55.936Z] <<< [apiv2][status] GET https://serviceusage.googleapis.com/v1/projects/print3d-manager-73846/services/firebaseextensions.googleapis.com 200
[debug] [2026-07-23T14:42:55.936Z] <<< [apiv2][body] GET https://serviceusage.googleapis.com/v1/projects/print3d-manager-73846/services/firebaseextensions.googleapis.com [omitted]
[warn] !  extensions: missing required API firebaseextensions.googleapis.com. Enabling now... 
[debug] [2026-07-23T14:42:55.937Z] Checked if tokens are valid: true, expires at: 1784821091278
[debug] [2026-07-23T14:42:55.937Z] Checked if tokens are valid: true, expires at: 1784821091278
[debug] [2026-07-23T14:42:55.938Z] >>> [apiv2][query] POST https://serviceusage.googleapis.com/v1/projects/print3d-manager-73846/services/firebaseextensions.googleapis.com:enable [none]
[debug] [2026-07-23T14:42:55.938Z] >>> [apiv2][(partial)header] POST https://serviceusage.googleapis.com/v1/projects/print3d-manager-73846/services/firebaseextensions.googleapis.com:enable  x-goog-user-project=print3d-manager-73846
[debug] [2026-07-23T14:42:57.343Z] <<< [apiv2][status] POST https://serviceusage.googleapis.com/v1/projects/print3d-manager-73846/services/firebaseextensions.googleapis.com:enable 200
[debug] [2026-07-23T14:42:57.343Z] <<< [apiv2][body] POST https://serviceusage.googleapis.com/v1/projects/print3d-manager-73846/services/firebaseextensions.googleapis.com:enable [omitted]
